<?xml version="1.0" encoding="UTF-8"?>
<!-- Generated by org.testng.reporters.JUnitReportReporter -->
<testsuite hostname="RAYAN" failures="0" tests="1" name="TestRunner.runnerClass" time="21.797" errors="0" timestamp="2023-09-05T21:32:59 EDT" skipped="0">
  <testcase classname="TestRunner.runnerClass" name="feature" time="21.797"/>
</testsuite> <!-- TestRunner.runnerClass -->
